Using pre-set license
Built from '2020.3/release' branch; Version is '2020.3.31f1 (6b54b7616050) revision 7034039'; Using compiler version '192528614'; Build Type 'Release'
OS: 'Windows 10  (10.0.19043) 64bit Core' Language: 'en' Physical Memory: 16299 MB
BatchMode: 1, IsHumanControllingUs: 0, StartBugReporterOnCrash: 0, Is64bit: 1, IsPro: 0

COMMAND LINE ARGUMENTS:
D:\UnityInstalls\2020.3.31f1\Editor\Unity.exe
-adb2
-batchMode
-noUpm
-name
AssetImportWorker0
-projectPath
D:/Documents/PersonalProjects/March2022Jam/GameJam2022March/UnityProject/GameJamMarch22
-logFile
Logs/AssetImportWorker0.log
-srvPort
62504
Successfully changed project path to: D:/Documents/PersonalProjects/March2022Jam/GameJam2022March/UnityProject/GameJamMarch22
D:/Documents/PersonalProjects/March2022Jam/GameJam2022March/UnityProject/GameJamMarch22
Using Asset Import Pipeline V2.
Refreshing native plugins compatible for Editor in 28.43 ms, found 2 plugins.
Preloading 0 native plugins for Editor in 0.00 ms.
Initialize engine version: 2020.3.31f1 (6b54b7616050)
[Subsystems] Discovering subsystems at path D:/UnityInstalls/2020.3.31f1/Editor/Data/Resources/UnitySubsystems
[Subsystems] Discovering subsystems at path D:/Documents/PersonalProjects/March2022Jam/GameJam2022March/UnityProject/GameJamMarch22/Assets
GfxDevice: creating device client; threaded=0
Direct3D:
    Version:  Direct3D 11.0 [level 11.1]
    Renderer: NVIDIA GeForce RTX 3060 Ti (ID=0x2489)
    Vendor:   
    VRAM:     8050 MB
    Driver:   30.0.15.1179
Initialize mono
Mono path[0] = 'D:/UnityInstalls/2020.3.31f1/Editor/Data/Managed'
Mono path[1] = 'D:/UnityInstalls/2020.3.31f1/Editor/Data/MonoBleedingEdge/lib/mono/unityjit'
Mono config path = 'D:/UnityInstalls/2020.3.31f1/Editor/Data/MonoBleedingEdge/etc'
Using monoOptions --debugger-agent=transport=dt_socket,embedding=1,server=y,suspend=n,address=127.0.0.1:56252
Begin MonoManager ReloadAssembly
Registering precompiled unity dll's ...
Register platform support module: D:/UnityInstalls/2020.3.31f1/Editor/Data/PlaybackEngines/MacStandaloneSupport/UnityEditor.OSXStandalone.Extensions.dll
Register platform support module: D:/UnityInstalls/2020.3.31f1/Editor/Data/PlaybackEngines/WindowsStandaloneSupport/UnityEditor.WindowsStandalone.Extensions.dll
Registered in 0.001061 seconds.
Native extension for WindowsStandalone target not found
Native extension for OSXStandalone target not found
Refreshing native plugins compatible for Editor in 21.62 ms, found 2 plugins.
Preloading 0 native plugins for Editor in 0.00 ms.
Mono: successfully reloaded assembly
- Completed reload, in  0.687 seconds
Domain Reload Profiling:
	ReloadAssembly (687ms)
		BeginReloadAssembly (104ms)
			ExecutionOrderSort (0ms)
			DisableScriptedObjects (0ms)
			BackupInstance (0ms)
			ReleaseScriptingObjects (0ms)
			CreateAndSetChildDomain (1ms)
		EndReloadAssembly (473ms)
			LoadAssemblies (104ms)
			RebuildTransferFunctionScriptingTraits (0ms)
			SetupTypeCache (266ms)
			ReleaseScriptCaches (0ms)
			RebuildScriptCaches (19ms)
			SetupLoadedEditorAssemblies (107ms)
				LogAssemblyErrors (0ms)
				InitializePlatformSupportModulesInManaged (3ms)
				SetLoadedEditorAssemblies (0ms)
				RefreshPlugins (22ms)
				BeforeProcessingInitializeOnLoad (6ms)
				ProcessInitializeOnLoadAttributes (57ms)
				ProcessInitializeOnLoadMethodAttributes (19ms)
				AfterProcessingInitializeOnLoad (0ms)
				EditorAssembliesLoaded (0ms)
			ExecutionOrderSort2 (0ms)
			AwakeInstancesAfterBackupRestoration (0ms)
Platform modules already initialized, skipping
Registering precompiled user dll's ...
Registered in 0.001447 seconds.
Begin MonoManager ReloadAssembly
Native extension for WindowsStandalone target not found
Native extension for OSXStandalone target not found
Refreshing native plugins compatible for Editor in 0.35 ms, found 2 plugins.
Preloading 0 native plugins for Editor in 0.00 ms.
Mono: successfully reloaded assembly
- Completed reload, in  1.158 seconds
Domain Reload Profiling:
	ReloadAssembly (1158ms)
		BeginReloadAssembly (111ms)
			ExecutionOrderSort (0ms)
			DisableScriptedObjects (3ms)
			BackupInstance (0ms)
			ReleaseScriptingObjects (0ms)
			CreateAndSetChildDomain (19ms)
		EndReloadAssembly (1008ms)
			LoadAssemblies (63ms)
			RebuildTransferFunctionScriptingTraits (0ms)
			SetupTypeCache (509ms)
			ReleaseScriptCaches (0ms)
			RebuildScriptCaches (26ms)
			SetupLoadedEditorAssemblies (359ms)
				LogAssemblyErrors (0ms)
				InitializePlatformSupportModulesInManaged (4ms)
				SetLoadedEditorAssemblies (0ms)
				RefreshPlugins (0ms)
				BeforeProcessingInitializeOnLoad (44ms)
				ProcessInitializeOnLoadAttributes (240ms)
				ProcessInitializeOnLoadMethodAttributes (68ms)
				AfterProcessingInitializeOnLoad (2ms)
				EditorAssembliesLoaded (0ms)
			ExecutionOrderSort2 (0ms)
			AwakeInstancesAfterBackupRestoration (4ms)
Platform modules already initialized, skipping
========================================================================
Worker process is ready to serve import requests
Launched and connected shader compiler UnityShaderCompiler.exe after 0.22 seconds
Refreshing native plugins compatible for Editor in 0.28 ms, found 2 plugins.
Preloading 0 native plugins for Editor in 0.00 ms.
Unloading 1506 Unused Serialized files (Serialized files now loaded: 0)
System memory in use before: 69.0 MB.
System memory in use after: 69.1 MB.

Unloading 16 unused Assets to reduce memory usage. Loaded Objects now: 1942.
Total: 2.313400 ms (FindLiveObjects: 0.136300 ms CreateObjectMapping: 0.042600 ms MarkObjects: 2.082000 ms  DeleteObjects: 0.051700 ms)

AssetImportParameters requested are different than current active one (requested -> active):
  custom:framework-win-MediaFoundation: 216162199b28c13a410421893ffa2e32 -> 
  custom:video-decoder-ogg-theora: a1e56fd34408186e4bbccfd4996cb3dc -> 
  custom:container-muxer-webm: aa71ff27fc2769a1b78a27578f13a17b -> 
  custom:container-demuxer-webm: 4f35f7cbe854078d1ac9338744f61a02 -> 
  custom:container-demuxer-ogg: 62fdf1f143b41e24485cea50d1cbac27 -> 
  custom:video-encoder-webm-vp8: eb34c28f22e8b96e1ab97ce403110664 -> 
  custom:video-decoder-webm-vp8: 9c59270c3fd7afecdb556c50c9e8de78 -> 
  custom:audio-decoder-ogg-vorbis: bf7c407c2cedff20999df2af8eb42d56 -> 
  custom:audio-encoder-webm-vorbis: bf7c407c2cedff20999df2af8eb42d56 -> 
========================================================================
Received Import Request.
  path: Assets/Scenes
  artifactKey: Guid(2aa86e4e76ae7d944b439d3955f8de65) Importer(815301076,1909f56bfc062723c751e8b465ee728b)
Start importing Assets/Scenes using Guid(2aa86e4e76ae7d944b439d3955f8de65) Importer(815301076,1909f56bfc062723c751e8b465ee728b)  -> (artifact id: 'bab5e6c0e93f16092a2ec34415c66b3b') in 0.006000 seconds 
========================================================================
Received Import Request.
  Time since last request: 0.000137 seconds.
  path: Assets/Scenes/SampleScene.unity
  artifactKey: Guid(9fc0d4010bbf28b4594072e72b8655ab) Importer(815301076,1909f56bfc062723c751e8b465ee728b)
Start importing Assets/Scenes/SampleScene.unity using Guid(9fc0d4010bbf28b4594072e72b8655ab) Importer(815301076,1909f56bfc062723c751e8b465ee728b)  -> (artifact id: '94c55409359c0051422e58de30b0573d') in 0.003633 seconds 
========================================================================
Received Import Request.
  Time since last request: 19.088176 seconds.
  path: Assets/Scenes/MainScene.unity
  artifactKey: Guid(9fc0d4010bbf28b4594072e72b8655ab) Importer(815301076,1909f56bfc062723c751e8b465ee728b)
Start importing Assets/Scenes/MainScene.unity using Guid(9fc0d4010bbf28b4594072e72b8655ab) Importer(815301076,1909f56bfc062723c751e8b465ee728b)  -> (artifact id: '2b9a7fe9334482ce7f8ed4df308cafef') in 0.005584 seconds 
========================================================================
Received Import Request.
  Time since last request: 504.730470 seconds.
  path: Assets
  artifactKey: Guid(00000000000000001000000000000000) Importer(815301076,1909f56bfc062723c751e8b465ee728b)
Start importing Assets using Guid(00000000000000001000000000000000) Importer(815301076,1909f56bfc062723c751e8b465ee728b)  -> (artifact id: '42d402b061de3733987d63b9cc3b64de') in 0.004307 seconds 
========================================================================
Received Import Request.
  Time since last request: 6.192648 seconds.
  path: Assets/ArtAssets
  artifactKey: Guid(adcce311de599714fb214b4a41a64886) Importer(815301076,1909f56bfc062723c751e8b465ee728b)
Start importing Assets/ArtAssets using Guid(adcce311de599714fb214b4a41a64886) Importer(815301076,1909f56bfc062723c751e8b465ee728b)  -> (artifact id: 'a4370d7916b7958f4c404ff5425cd11c') in 0.003421 seconds 
========================================================================
Received Import Request.
  Time since last request: 7.065257 seconds.
  path: Assets/Scripts
  artifactKey: Guid(b33be0959d31bcf4f9b92b1a04aed20a) Importer(815301076,1909f56bfc062723c751e8b465ee728b)
Start importing Assets/Scripts using Guid(b33be0959d31bcf4f9b92b1a04aed20a) Importer(815301076,1909f56bfc062723c751e8b465ee728b)  -> (artifact id: 'd4ab0245c04f723a6c24f3b896021401') in 0.003381 seconds 
========================================================================
Received Import Request.
  Time since last request: 7.558327 seconds.
  path: Assets/Prefabs
  artifactKey: Guid(d47a518f8247a1a4dbf30788b2d9cc14) Importer(815301076,1909f56bfc062723c751e8b465ee728b)
Start importing Assets/Prefabs using Guid(d47a518f8247a1a4dbf30788b2d9cc14) Importer(815301076,1909f56bfc062723c751e8b465ee728b)  -> (artifact id: '67debb72c9846a237cc4b7d44045d683') in 0.003539 seconds 
========================================================================
Received Import Request.
  Time since last request: 80.605449 seconds.
  path: Assets/ArtAssets/Materials
  artifactKey: Guid(579e90c00253242449e756aaa36003cc) Importer(815301076,1909f56bfc062723c751e8b465ee728b)
Start importing Assets/ArtAssets/Materials using Guid(579e90c00253242449e756aaa36003cc) Importer(815301076,1909f56bfc062723c751e8b465ee728b)  -> (artifact id: '0fc5960df8446c6ffd4902cd75c7d95c') in 0.003500 seconds 
========================================================================
Received Import Request.
  Time since last request: 10.214577 seconds.
  path: Assets/ArtAssets/Materials/BaseMat.mat
  artifactKey: Guid(b662dd815d2158b44b46b64ce8879110) Importer(815301076,1909f56bfc062723c751e8b465ee728b)
Start importing Assets/ArtAssets/Materials/BaseMat.mat using Guid(b662dd815d2158b44b46b64ce8879110) Importer(815301076,1909f56bfc062723c751e8b465ee728b)  -> (artifact id: '0d27efaa51a67b7e5a6f05c96dedd6e8') in 0.078660 seconds 
========================================================================
Received Import Request.
  Time since last request: 34.334530 seconds.
  path: Assets/ArtAssets/Materials/BaseMat.mat
  artifactKey: Guid(b662dd815d2158b44b46b64ce8879110) Importer(815301076,1909f56bfc062723c751e8b465ee728b)
Start importing Assets/ArtAssets/Materials/BaseMat.mat using Guid(b662dd815d2158b44b46b64ce8879110) Importer(815301076,1909f56bfc062723c751e8b465ee728b)  -> (artifact id: 'fae0a4f2d8ab5927ca49553ce2e0c535') in 0.019474 seconds 
AssetImportWorkerClient::OnTransportError - code=2 error=End of file
